2025-04-26 18:31:18,650 - service_enum - INFO - [service_enum.py:11] - Démarrage de l'énumération des services sur 192.168.217.139
2025-04-26 18:31:18,680 - service_enum - INFO - [service_enum.py:16] - Scan d'énumération sur 192.168.217.139 (ports : 1-1024)
2025-04-26 18:31:25,515 - service_enum - INFO - [service_enum.py:44] - Service identifié: Port 21 : ftp (Produit : ProFTPD, Version : 1.3.2c) 
2025-04-26 18:31:25,515 - service_enum - INFO - [service_enum.py:44] - Service identifié: Port 22 : ssh (Produit : OpenSSH, Version : 5.3p1 Debian 3ubuntu4) Ubuntu Linux; protocol 2.0
2025-04-26 18:31:25,515 - service_enum - INFO - [service_enum.py:44] - Service identifié: Port 80 : http (Produit : Apache httpd, Version : 2.2.14) (Unix) DAV/2 mod_ssl/2.2.14 OpenSSL/0.9.8l PHP/5.3.1 mod_apreq2-20090110/2.7.1 mod_perl/2.0.4 Perl/v5.10.1
2025-04-26 18:31:25,515 - service_enum - INFO - [service_enum.py:44] - Service identifié: Port 443 : https (Produit : , Version : ) 
2025-04-26 18:31:25,515 - service_enum - INFO - [service_enum.py:46] - Énumération terminée: 4 services identifiés
2025-05-17 17:50:47,410 - service_enum - INFO - [service_enum.py:11] - Démarrage de l'énumération des services sur 192.168.217.140
2025-05-17 17:50:47,429 - service_enum - INFO - [service_enum.py:16] - Scan d'énumération sur 192.168.217.140 (ports : 1-1024)
2025-05-17 17:50:59,451 - service_enum - INFO - [service_enum.py:44] - Service identifié: Port 21 : ftp (Produit : vsftpd, Version : 2.3.4) 
2025-05-17 17:50:59,451 - service_enum - INFO - [service_enum.py:44] - Service identifié: Port 22 : ssh (Produit : OpenSSH, Version : 4.7p1 Debian 8ubuntu1) protocol 2.0
2025-05-17 17:50:59,451 - service_enum - INFO - [service_enum.py:44] - Service identifié: Port 23 : telnet (Produit : Linux telnetd, Version : ) 
2025-05-17 17:50:59,451 - service_enum - INFO - [service_enum.py:44] - Service identifié: Port 25 : smtp (Produit : Postfix smtpd, Version : ) 
2025-05-17 17:50:59,452 - service_enum - INFO - [service_enum.py:44] - Service identifié: Port 53 : domain (Produit : ISC BIND, Version : 9.4.2) 
2025-05-17 17:50:59,452 - service_enum - INFO - [service_enum.py:44] - Service identifié: Port 80 : http (Produit : Apache httpd, Version : 2.2.8) (Ubuntu) DAV/2
2025-05-17 17:50:59,452 - service_enum - INFO - [service_enum.py:44] - Service identifié: Port 111 : rpcbind (Produit : , Version : 2) RPC #100000
2025-05-17 17:50:59,452 - service_enum - INFO - [service_enum.py:44] - Service identifié: Port 139 : netbios-ssn (Produit : Samba smbd, Version : 3.X - 4.X) workgroup: WORKGROUP
2025-05-17 17:50:59,452 - service_enum - INFO - [service_enum.py:44] - Service identifié: Port 445 : netbios-ssn (Produit : Samba smbd, Version : 3.X - 4.X) workgroup: WORKGROUP
2025-05-17 17:50:59,452 - service_enum - INFO - [service_enum.py:44] - Service identifié: Port 512 : exec (Produit : netkit-rsh rexecd, Version : ) 
2025-05-17 17:50:59,452 - service_enum - INFO - [service_enum.py:44] - Service identifié: Port 513 : login (Produit : OpenBSD or Solaris rlogind, Version : ) 
2025-05-17 17:50:59,453 - service_enum - INFO - [service_enum.py:44] - Service identifié: Port 514 : tcpwrapped (Produit : , Version : ) 
2025-05-17 17:50:59,453 - service_enum - INFO - [service_enum.py:46] - Énumération terminée: 12 services identifiés
